<?xml version="1.0" encoding="UTF-8"?>
<testng-results ignored="0" total="1" passed="1" failed="0" skipped="0">
  <reporter-output>
  </reporter-output>
  <suite started-at="2023-10-10T16:11:41 PKT" name="Default Suite" finished-at="2023-10-10T16:11:56 PKT" duration-ms="14754">
    <groups>
    </groups>
    <test started-at="2023-10-10T16:11:41 PKT" name="MavenProject" finished-at="2023-10-10T16:11:56 PKT" duration-ms="14754">
      <class name="sdet.Login">
        <test-method signature="loginTest()[pri:0, instance:sdet.Login@3c72f59f]" started-at="2023-10-10T16:11:41 PKT" name="loginTest" finished-at="2023-10-10T16:11:56 PKT" duration-ms="14673" status="PASS">
          <reporter-output>
          </reporter-output>
        </test-method> <!-- loginTest -->
      </class> <!-- sdet.Login -->
    </test> <!-- MavenProject -->
  </suite> <!-- Default Suite -->
</testng-results>
